<?xml version="1.0" encoding="UTF-8"?>
<!-- Generated by org.testng.reporters.JUnitXMLReporter -->
<testsuite hostname="TrackTiks-MacBook-Pro.local" ignored="2" name="mobile-automation" tests="2" failures="0" timestamp="2020-03-03T13:27:04 EST" time="216.447" errors="0">
  <testcase name="login" time="14.708" classname="TTMobile.RealDevice"/>
  <testcase name="createReport" time="193.401" classname="TTMobile.RealDevice"/>
  <testcase name="logout" time="0.0" classname="TTMobile.RealDevice">
    <ignored/>
  </testcase> <!-- logout -->
  <testcase name="browseReport" time="0.0" classname="TTMobile.RealDevice">
    <ignored/>
  </testcase> <!-- browseReport -->
</testsuite> <!-- mobile-automation -->
